Using pre-set license
Built from '2020.3/release' branch; Version is '2020.3.7f1 (dd97f2c94397) revision 14522354'; Using compiler version '192528614'; Build Type 'Release'
OS: 'Windows 10 Pro; OS build 19042.928; Version 2009; 64bit' Language: 'en' Physical Memory: 16274 MB
BatchMode: 1, IsHumanControllingUs: 0, StartBugReporterOnCrash: 0, Is64bit: 1, IsPro: 0

 COMMAND LINE ARGUMENTS:
C:\Program Files\Unity\Hub\Editor\2020.3.7f1\Editor\Unity.exe
-adb2
-batchMode
-noUpm
-name
AssetImportWorker0
-projectPath
C:/Users/Matan.M/Documents/GitHub/SheCodes
-logFile
Logs/AssetImportWorker0.log
-srvPort
55695
Successfully changed project path to: C:/Users/Matan.M/Documents/GitHub/SheCodes
C:/Users/Matan.M/Documents/GitHub/SheCodes
Using Asset Import Pipeline V2.
Refreshing native plugins compatible for Editor in 50.56 ms, found 1 plugins.
Preloading 0 native plugins for Editor in 0.00 ms.
Initialize engine version: 2020.3.7f1 (dd97f2c94397)
[Subsystems] Discovering subsystems at path C:/Program Files/Unity/Hub/Editor/2020.3.7f1/Editor/Data/Resources/UnitySubsystems
[Subsystems] Discovering subsystems at path C:/Users/Matan.M/Documents/GitHub/SheCodes/Assets
GfxDevice: creating device client; threaded=0
Direct3D:
    Version:  Direct3D 11.0 [level 11.1]
    Renderer: Intel(R) UHD Graphics 620 (ID=0x5917)
    Vendor:   
    VRAM:     8137 MB
    Driver:   27.20.100.8935
Initialize mono
Mono path[0] = 'C:/Program Files/Unity/Hub/Editor/2020.3.7f1/Editor/Data/Managed'
Mono path[1] = 'C:/Program Files/Unity/Hub/Editor/2020.3.7f1/Editor/Data/MonoBleedingEdge/lib/mono/unityjit'
Mono config path = 'C:/Program Files/Unity/Hub/Editor/2020.3.7f1/Editor/Data/MonoBleedingEdge/etc'
Using monoOptions --debugger-agent=transport=dt_socket,embedding=1,server=y,suspend=n,address=127.0.0.1:56424
Begin MonoManager ReloadAssembly
Registering precompiled unity dll's ...
Register platform support module: C:/Program Files/Unity/Hub/Editor/2020.3.7f1/Editor/Data/PlaybackEngines/WindowsStandaloneSupport/UnityEditor.WindowsStandalone.Extensions.dll
Registered in 0.003848 seconds.
Native extension for WindowsStandalone target not found
Refreshing native plugins compatible for Editor in 50.12 ms, found 1 plugins.
Preloading 0 native plugins for Editor in 0.00 ms.
Mono: successfully reloaded assembly
- Completed reload, in  1.595 seconds
Platform modules already initialized, skipping
Registering precompiled user dll's ...
Registered in 0.001911 seconds.
Begin MonoManager ReloadAssembly
Native extension for WindowsStandalone target not found
Refreshing native plugins compatible for Editor in 54.18 ms, found 1 plugins.
Preloading 0 native plugins for Editor in 0.00 ms.
Mono: successfully reloaded assembly
- Completed reload, in  1.464 seconds
Platform modules already initialized, skipping
========================================================================
Worker process is ready to serve import requests
Launched and connected shader compiler UnityShaderCompiler.exe after 0.07 seconds
Refreshing native plugins compatible for Editor in 0.48 ms, found 1 plugins.
Preloading 0 native plugins for Editor in 0.00 ms.
Unloading 1828 Unused Serialized files (Serialized files now loaded: 0)
System memory in use before: 87.2 MB.
System memory in use after: 87.3 MB.

Unloading 19 unused Assets to reduce memory usage. Loaded Objects now: 2277.
Total: 3.031700 ms (FindLiveObjects: 0.385400 ms CreateObjectMapping: 0.175100 ms MarkObjects: 2.374600 ms  DeleteObjects: 0.095200 ms)

========================================================================
Received Import Request.
  path: Assets/Scenes
  artifactKey: Guid(10155c09adc11af47bedbf4e8769bbed) Importer(815301076,1909f56bfc062723c751e8b465ee728b)
Start importing Assets/Scenes using Guid(10155c09adc11af47bedbf4e8769bbed) Importer(815301076,1909f56bfc062723c751e8b465ee728b)  -> (artifact id: 'c11dfa3bb87f78bb8fc00d4aec14273e') in 0.007336 seconds
  Import took 0.012204 seconds .

========================================================================
Received Import Request.
  Time since last request: 0.000348 seconds.
  path: Assets/Scenes/ButtonSystemTest.unity
  artifactKey: Guid(1827b0e6d32d7684cab84225dcfb2724) Importer(815301076,1909f56bfc062723c751e8b465ee728b)
Start importing Assets/Scenes/ButtonSystemTest.unity using Guid(1827b0e6d32d7684cab84225dcfb2724) Importer(815301076,1909f56bfc062723c751e8b465ee728b)  -> (artifact id: '398d9516e0feebec906ba22167c9d290') in 0.013659 seconds
  Import took 0.017514 seconds .

========================================================================
Received Import Request.
  Time since last request: 0.000323 seconds.
  path: Assets/Scenes/Game.unity
  artifactKey: Guid(2cda990e2423bbf4892e6590ba056729) Importer(815301076,1909f56bfc062723c751e8b465ee728b)
Start importing Assets/Scenes/Game.unity using Guid(2cda990e2423bbf4892e6590ba056729) Importer(815301076,1909f56bfc062723c751e8b465ee728b)  -> (artifact id: 'bbb9f87f5dd4fb5e98de28db50b24e54') in 0.005859 seconds
  Import took 0.010531 seconds .

========================================================================
Received Import Request.
  Time since last request: 608.348532 seconds.
  path: Assets/Prefabs/LevelButton.prefab
  artifactKey: Guid(8381ff9a1efdd5b46805a73860065a77) Importer(815301076,1909f56bfc062723c751e8b465ee728b)
Start importing Assets/Prefabs/LevelButton.prefab using Guid(8381ff9a1efdd5b46805a73860065a77) Importer(815301076,1909f56bfc062723c751e8b465ee728b)  -> (artifact id: '7569f679c965181a7e4d46477df9f986') in 0.139405 seconds
  Import took 0.144318 seconds .

========================================================================
Received Import Request.
  Time since last request: 0.000307 seconds.
  path: Assets/Prefabs/UI.prefab
  artifactKey: Guid(f2db1cf6e95388b4290733ffce263636) Importer(815301076,1909f56bfc062723c751e8b465ee728b)
Start importing Assets/Prefabs/UI.prefab using Guid(f2db1cf6e95388b4290733ffce263636) Importer(815301076,1909f56bfc062723c751e8b465ee728b)  -> (artifact id: 'b76a80c3fc7e38fd69f9305e86f35724') in 0.050431 seconds
  Import took 0.054894 seconds .

========================================================================
Received Import Request.
  Time since last request: 60.192328 seconds.
  path: Assets/Resources/Level1.prefab
  artifactKey: Guid(586849a548140714f91328348526cbc2) Importer(815301076,1909f56bfc062723c751e8b465ee728b)
Start importing Assets/Resources/Level1.prefab using Guid(586849a548140714f91328348526cbc2) Importer(815301076,1909f56bfc062723c751e8b465ee728b)  -> (artifact id: 'e38aa36a04cb6c680ba95f84589fe303') in 0.036898 seconds
  Import took 0.041628 seconds .

========================================================================
Received Import Request.
  Time since last request: 0.000239 seconds.
  path: Assets/Resources/LevelSelector.prefab
  artifactKey: Guid(af2e3bf27b9c24f4f9a2058147b69e04) Importer(815301076,1909f56bfc062723c751e8b465ee728b)
Start importing Assets/Resources/LevelSelector.prefab using Guid(af2e3bf27b9c24f4f9a2058147b69e04) Importer(815301076,1909f56bfc062723c751e8b465ee728b)  -> (artifact id: '238ddbde5d1354b79235c74c604d7267') in 0.045154 seconds
  Import took 0.049253 seconds .

========================================================================
Received Prepare
Registering precompiled user dll's ...
Registered in 0.002445 seconds.
Begin MonoManager ReloadAssembly
Native extension for WindowsStandalone target not found
Refreshing native plugins compatible for Editor in 0.44 ms, found 1 plugins.
Preloading 0 native plugins for Editor in 0.00 ms.
Mono: successfully reloaded assembly
- Completed reload, in  1.323 seconds
Platform modules already initialized, skipping
Refreshing native plugins compatible for Editor in 0.57 ms, found 1 plugins.
Preloading 0 native plugins for Editor in 0.00 ms.
Unloading 1805 Unused Serialized files (Serialized files now loaded: 0)
System memory in use before: 85.4 MB.
System memory in use after: 85.5 MB.

Unloading 11 unused Assets to reduce memory usage. Loaded Objects now: 2281.
Total: 2.792600 ms (FindLiveObjects: 0.268200 ms CreateObjectMapping: 0.107800 ms MarkObjects: 2.376500 ms  DeleteObjects: 0.038500 ms)

========================================================================
Received Import Request.
  Time since last request: 100.406366 seconds.
  path: Assets/Prefabs/ButtonRight.prefab
  artifactKey: Guid(9f60ba770b846e7498522e422a40e0c3) Importer(815301076,1909f56bfc062723c751e8b465ee728b)
Start importing Assets/Prefabs/ButtonRight.prefab using Guid(9f60ba770b846e7498522e422a40e0c3) Importer(815301076,1909f56bfc062723c751e8b465ee728b)  -> (artifact id: 'cf6955191f78371db06233bc005008e5') in 0.132609 seconds
  Import took 0.137136 seconds .

========================================================================
Received Import Request.
  Time since last request: 1.072842 seconds.
  path: Assets/Prefabs/Button.prefab
  artifactKey: Guid(9f60ba770b846e7498522e422a40e0c3) Importer(815301076,1909f56bfc062723c751e8b465ee728b)
Start importing Assets/Prefabs/Button.prefab using Guid(9f60ba770b846e7498522e422a40e0c3) Importer(815301076,1909f56bfc062723c751e8b465ee728b)  -> (artifact id: 'd0c1d3c295e8172498d3e180fad14d7c') in 0.042985 seconds
  Import took 0.048413 seconds .

========================================================================
Received Import Request.
  Time since last request: 30.882001 seconds.
  path: Assets/Resources/Level1.prefab
  artifactKey: Guid(586849a548140714f91328348526cbc2) Importer(815301076,1909f56bfc062723c751e8b465ee728b)
Start importing Assets/Resources/Level1.prefab using Guid(586849a548140714f91328348526cbc2) Importer(815301076,1909f56bfc062723c751e8b465ee728b)  -> (artifact id: '86e8967840dfde38340f04ad0a055c40') in 0.041254 seconds
  Import took 0.045323 seconds .

========================================================================
Received Prepare
Registering precompiled user dll's ...
Registered in 0.001754 seconds.
Begin MonoManager ReloadAssembly
Native extension for WindowsStandalone target not found
Refreshing native plugins compatible for Editor in 0.44 ms, found 1 plugins.
Preloading 0 native plugins for Editor in 0.00 ms.
Mono: successfully reloaded assembly
- Completed reload, in  1.373 seconds
Platform modules already initialized, skipping
Refreshing native plugins compatible for Editor in 0.51 ms, found 1 plugins.
Preloading 0 native plugins for Editor in 0.00 ms.
Unloading 1805 Unused Serialized files (Serialized files now loaded: 0)
System memory in use before: 85.5 MB.
System memory in use after: 85.6 MB.

Unloading 8 unused Assets to reduce memory usage. Loaded Objects now: 2285.
Total: 3.071400 ms (FindLiveObjects: 0.419900 ms CreateObjectMapping: 0.215100 ms MarkObjects: 2.400900 ms  DeleteObjects: 0.033700 ms)

========================================================================
Received Prepare
Registering precompiled user dll's ...
Registered in 0.001770 seconds.
Begin MonoManager ReloadAssembly
Native extension for WindowsStandalone target not found
Refreshing native plugins compatible for Editor in 0.45 ms, found 1 plugins.
Preloading 0 native plugins for Editor in 0.00 ms.
Mono: successfully reloaded assembly
- Completed reload, in  1.354 seconds
Platform modules already initialized, skipping
Refreshing native plugins compatible for Editor in 0.46 ms, found 1 plugins.
Preloading 0 native plugins for Editor in 0.00 ms.
Unloading 1805 Unused Serialized files (Serialized files now loaded: 0)
System memory in use before: 85.5 MB.
System memory in use after: 85.6 MB.

Unloading 7 unused Assets to reduce memory usage. Loaded Objects now: 2289.
Total: 2.758300 ms (FindLiveObjects: 0.447300 ms CreateObjectMapping: 0.134500 ms MarkObjects: 2.155200 ms  DeleteObjects: 0.019300 ms)

========================================================================
Received Import Request.
  Time since last request: 525.278809 seconds.
  path: Assets/Scripts/LevelSelector.cs
  artifactKey: Guid(e975edf4077a13b409314e35500d04fd) Importer(815301076,1909f56bfc062723c751e8b465ee728b)
Start importing Assets/Scripts/LevelSelector.cs using Guid(e975edf4077a13b409314e35500d04fd) Importer(815301076,1909f56bfc062723c751e8b465ee728b)  -> (artifact id: '0373db4cfbe3892932c50806ae8654fe') in 0.027026 seconds
  Import took 0.031616 seconds .

========================================================================
Received Import Request.
  Time since last request: 0.017120 seconds.
  path: Assets/Scripts/LevelSelector.cs
  artifactKey: Guid(e975edf4077a13b409314e35500d04fd) Importer(815301076,1909f56bfc062723c751e8b465ee728b)
Start importing Assets/Scripts/LevelSelector.cs using Guid(e975edf4077a13b409314e35500d04fd) Importer(815301076,1909f56bfc062723c751e8b465ee728b)  -> (artifact id: '0373db4cfbe3892932c50806ae8654fe') in 0.007284 seconds
  Import took 0.012718 seconds .

========================================================================
Received Import Request.
  Time since last request: 0.352197 seconds.
  path: Assets/Scripts/Level1.cs
  artifactKey: Guid(73a396bd5fa7bb5458cc5333557939ae) Importer(815301076,1909f56bfc062723c751e8b465ee728b)
Start importing Assets/Scripts/Level1.cs using Guid(73a396bd5fa7bb5458cc5333557939ae) Importer(815301076,1909f56bfc062723c751e8b465ee728b)  -> (artifact id: '89695986b63f5c17cb6f7c617bd898b7') in 0.007957 seconds
  Import took 0.011929 seconds .

========================================================================
Received Import Request.
  Time since last request: 0.408340 seconds.
  path: Assets/Scripts/GameManager.cs
  artifactKey: Guid(ece27eb6de8b95a4492172edbaf820d4) Importer(815301076,1909f56bfc062723c751e8b465ee728b)
Start importing Assets/Scripts/GameManager.cs using Guid(ece27eb6de8b95a4492172edbaf820d4) Importer(815301076,1909f56bfc062723c751e8b465ee728b)  -> (artifact id: '7dfb3dc492049d74529a223918b83249') in 0.008310 seconds
  Import took 0.012964 seconds .

========================================================================
Received Import Request.
  Time since last request: 0.503687 seconds.
  path: Assets/Scripts/Enums.cs
  artifactKey: Guid(f0831c733236a1f43929981b2b1fd5de) Importer(815301076,1909f56bfc062723c751e8b465ee728b)
Start importing Assets/Scripts/Enums.cs using Guid(f0831c733236a1f43929981b2b1fd5de) Importer(815301076,1909f56bfc062723c751e8b465ee728b)  -> (artifact id: 'fc6d009b5c0598154e9edf85e89030ed') in 0.007681 seconds
  Import took 0.011503 seconds .

========================================================================
Received Import Request.
  Time since last request: 0.372816 seconds.
  path: Assets/Scripts/Consts.cs
  artifactKey: Guid(eaf90a14875172d47bf2cb3cea11014f) Importer(815301076,1909f56bfc062723c751e8b465ee728b)
Start importing Assets/Scripts/Consts.cs using Guid(eaf90a14875172d47bf2cb3cea11014f) Importer(815301076,1909f56bfc062723c751e8b465ee728b)  -> (artifact id: '6b8fa74b9896aa3c32a66519088aa919') in 0.009393 seconds
  Import took 0.013165 seconds .

========================================================================
Received Import Request.
  Time since last request: 0.002272 seconds.
  path: Assets/Scripts/Consts.cs
  artifactKey: Guid(eaf90a14875172d47bf2cb3cea11014f) Importer(815301076,1909f56bfc062723c751e8b465ee728b)
Start importing Assets/Scripts/Consts.cs using Guid(eaf90a14875172d47bf2cb3cea11014f) Importer(815301076,1909f56bfc062723c751e8b465ee728b)  -> (artifact id: '6b8fa74b9896aa3c32a66519088aa919') in 0.006192 seconds
  Import took 0.010356 seconds .

========================================================================
Received Import Request.
  Time since last request: 0.329714 seconds.
  path: Assets/Scripts/ButtonSystem.cs
  artifactKey: Guid(bf0b9d64f9cb87b408fd84ab15e3fd1c) Importer(815301076,1909f56bfc062723c751e8b465ee728b)
Start importing Assets/Scripts/ButtonSystem.cs using Guid(bf0b9d64f9cb87b408fd84ab15e3fd1c) Importer(815301076,1909f56bfc062723c751e8b465ee728b)  -> (artifact id: '1080092895b452799bd30d8e6ce07517') in 0.008057 seconds
  Import took 0.012186 seconds .

========================================================================
Received Import Request.
  Time since last request: 1.485605 seconds.
  path: Assets/Scripts/Player.cs
  artifactKey: Guid(e8a0c605d56fd204e8aefddbf355b2c7) Importer(815301076,1909f56bfc062723c751e8b465ee728b)
Start importing Assets/Scripts/Player.cs using Guid(e8a0c605d56fd204e8aefddbf355b2c7) Importer(815301076,1909f56bfc062723c751e8b465ee728b)  -> (artifact id: 'eb807825f25cf7fd7ee708bacebc1541') in 0.009062 seconds
  Import took 0.013122 seconds .

========================================================================
Received Import Request.
  Time since last request: 0.309725 seconds.
  path: Assets/Scripts/UIManager.cs
  artifactKey: Guid(97d75032eb7cd1d43a405823ee0c64ea) Importer(815301076,1909f56bfc062723c751e8b465ee728b)
Start importing Assets/Scripts/UIManager.cs using Guid(97d75032eb7cd1d43a405823ee0c64ea) Importer(815301076,1909f56bfc062723c751e8b465ee728b)  -> (artifact id: 'e3e892fd595d414c2cf35b6eb71ed8e5') in 0.007988 seconds
  Import took 0.011536 seconds .

========================================================================
Received Import Request.
  Time since last request: 32.388327 seconds.
  path: Assets/Resources/Level1.prefab
  artifactKey: Guid(586849a548140714f91328348526cbc2) Importer(815301076,1909f56bfc062723c751e8b465ee728b)
Start importing Assets/Resources/Level1.prefab using Guid(586849a548140714f91328348526cbc2) Importer(815301076,1909f56bfc062723c751e8b465ee728b)  -> (artifact id: '92e3fc275064126d704f12c6cb4cc709') in 0.103099 seconds
  Import took 0.107092 seconds .

========================================================================
Received Import Request.
  Time since last request: 5.129080 seconds.
  path: Assets/Resources/Level1.prefab
  artifactKey: Guid(586849a548140714f91328348526cbc2) Importer(815301076,1909f56bfc062723c751e8b465ee728b)
Start importing Assets/Resources/Level1.prefab using Guid(586849a548140714f91328348526cbc2) Importer(815301076,1909f56bfc062723c751e8b465ee728b)  -> (artifact id: 'c14fe1553d5e9e5516667fd5ea49fd05') in 0.051423 seconds
  Import took 0.059128 seconds .

========================================================================
Received Prepare
Registering precompiled user dll's ...
Registered in 0.001713 seconds.
Begin MonoManager ReloadAssembly
Native extension for WindowsStandalone target not found
Refreshing native plugins compatible for Editor in 0.83 ms, found 1 plugins.
Preloading 0 native plugins for Editor in 0.00 ms.
Mono: successfully reloaded assembly
- Completed reload, in  1.495 seconds
Platform modules already initialized, skipping
Refreshing native plugins compatible for Editor in 0.47 ms, found 1 plugins.
Preloading 0 native plugins for Editor in 0.00 ms.
Unloading 1805 Unused Serialized files (Serialized files now loaded: 0)
System memory in use before: 85.5 MB.
System memory in use after: 85.6 MB.

Unloading 8 unused Assets to reduce memory usage. Loaded Objects now: 2293.
Total: 3.951300 ms (FindLiveObjects: 0.559600 ms CreateObjectMapping: 0.154400 ms MarkObjects: 3.204700 ms  DeleteObjects: 0.030900 ms)

========================================================================
Received Prepare
Registering precompiled user dll's ...
Registered in 0.001728 seconds.
Begin MonoManager ReloadAssembly
Native extension for WindowsStandalone target not found
Refreshing native plugins compatible for Editor in 0.59 ms, found 1 plugins.
Preloading 0 native plugins for Editor in 0.00 ms.
Mono: successfully reloaded assembly
- Completed reload, in  1.474 seconds
Platform modules already initialized, skipping
Refreshing native plugins compatible for Editor in 0.52 ms, found 1 plugins.
Preloading 0 native plugins for Editor in 0.00 ms.
Unloading 1805 Unused Serialized files (Serialized files now loaded: 0)
System memory in use before: 85.5 MB.
System memory in use after: 85.6 MB.

Unloading 7 unused Assets to reduce memory usage. Loaded Objects now: 2297.
Total: 2.969200 ms (FindLiveObjects: 0.319300 ms CreateObjectMapping: 0.147200 ms MarkObjects: 2.476600 ms  DeleteObjects: 0.024300 ms)

========================================================================
Received Import Request.
  Time since last request: 282.526831 seconds.
  path: Assets/Prefabs/UI.prefab
  artifactKey: Guid(f2db1cf6e95388b4290733ffce263636) Importer(815301076,1909f56bfc062723c751e8b465ee728b)
Start importing Assets/Prefabs/UI.prefab using Guid(f2db1cf6e95388b4290733ffce263636) Importer(815301076,1909f56bfc062723c751e8b465ee728b)  -> (artifact id: '670b05e75d367ac80e21538568bcff54') in 0.107559 seconds
  Import took 0.111603 seconds .

========================================================================
Received Import Request.
  Time since last request: 1.393114 seconds.
  path: Assets/Prefabs/Player.prefab
  artifactKey: Guid(f43e8d0ebead6914685c9364fc75e967) Importer(815301076,1909f56bfc062723c751e8b465ee728b)
Start importing Assets/Prefabs/Player.prefab using Guid(f43e8d0ebead6914685c9364fc75e967) Importer(815301076,1909f56bfc062723c751e8b465ee728b)  -> (artifact id: 'f93fdcb0c26f6fcf5bdf65ecaa529ad8') in 0.076761 seconds
  Import took 0.081472 seconds .

========================================================================
Received Import Request.
  Time since last request: 0.000629 seconds.
  path: Assets/Prefabs/Player.prefab
  artifactKey: Guid(f43e8d0ebead6914685c9364fc75e967) Importer(815301076,1909f56bfc062723c751e8b465ee728b)
Start importing Assets/Prefabs/Player.prefab using Guid(f43e8d0ebead6914685c9364fc75e967) Importer(815301076,1909f56bfc062723c751e8b465ee728b)  -> (artifact id: 'f93fdcb0c26f6fcf5bdf65ecaa529ad8') in 0.015829 seconds
  Import took 0.020997 seconds .

========================================================================
Received Import Request.
  Time since last request: 0.975790 seconds.
  path: Assets/Prefabs/Goal.prefab
  artifactKey: Guid(e6cf2925d5ab4d54e9f7923aadbd8af1) Importer(815301076,1909f56bfc062723c751e8b465ee728b)
Start importing Assets/Prefabs/Goal.prefab using Guid(e6cf2925d5ab4d54e9f7923aadbd8af1) Importer(815301076,1909f56bfc062723c751e8b465ee728b)  -> (artifact id: 'dda13a563e1086bc8e7a6f899977fd54') in 0.021240 seconds
  Import took 0.025769 seconds .

========================================================================
Received Import Request.
  Time since last request: 17.222527 seconds.
  path: Assets/Prefabs/FreeCube.prefab
  artifactKey: Guid(a319c688ae74425449cea8d2cb14a208) Importer(815301076,1909f56bfc062723c751e8b465ee728b)
Start importing Assets/Prefabs/FreeCube.prefab using Guid(a319c688ae74425449cea8d2cb14a208) Importer(815301076,1909f56bfc062723c751e8b465ee728b)  -> (artifact id: '0c9e58f38e87201fa110d804ffe6fc36') in 0.024217 seconds
  Import took 0.028862 seconds .

========================================================================
Received Import Request.
  Time since last request: 102.041455 seconds.
  path: Assets/Resources/LevelEmpty.prefab
  artifactKey: Guid(586849a548140714f91328348526cbc2) Importer(815301076,1909f56bfc062723c751e8b465ee728b)
Start importing Assets/Resources/LevelEmpty.prefab using Guid(586849a548140714f91328348526cbc2) Importer(815301076,1909f56bfc062723c751e8b465ee728b)  -> (artifact id: '3d7229d17da0ee73e46ce6cdcc589389') in 0.070645 seconds
  Import took 0.076317 seconds .

========================================================================
Received Import Request.
  Time since last request: 29.538483 seconds.
  path: Assets/Resources/LevelEmpty.prefab
  artifactKey: Guid(586849a548140714f91328348526cbc2) Importer(815301076,1909f56bfc062723c751e8b465ee728b)
Start importing Assets/Resources/LevelEmpty.prefab using Guid(586849a548140714f91328348526cbc2) Importer(815301076,1909f56bfc062723c751e8b465ee728b)  -> (artifact id: 'cfbcfe1cfed9146c2350a572b623eb7d') in 0.036088 seconds
  Import took 0.040571 seconds .

========================================================================
Received Import Request.
  Time since last request: 27.293346 seconds.
  path: Assets/Resources/LevelEmpty.prefab
  artifactKey: Guid(586849a548140714f91328348526cbc2) Importer(815301076,1909f56bfc062723c751e8b465ee728b)
Start importing Assets/Resources/LevelEmpty.prefab using Guid(586849a548140714f91328348526cbc2) Importer(815301076,1909f56bfc062723c751e8b465ee728b)  -> (artifact id: '45f2ff1960ba61b2f761736951c9ff9d') in 0.047515 seconds
  Import took 0.053578 seconds .

========================================================================
Received Import Request.
  Time since last request: 230.853439 seconds.
  path: ProjectSettings/TagManager.asset
  artifactKey: Guid(00000000000000003000000000000000) Importer(815301076,1909f56bfc062723c751e8b465ee728b)
Start importing ProjectSettings/TagManager.asset using Guid(00000000000000003000000000000000) Importer(815301076,1909f56bfc062723c751e8b465ee728b)  -> (artifact id: '27b02764e8ac29a680b5138617dfb83a') in 0.016023 seconds
  Import took 0.020693 seconds .

========================================================================
Received Import Request.
  Time since last request: 0.002003 seconds.
  path: ProjectSettings/TagManager.asset
  artifactKey: Guid(00000000000000003000000000000000) Importer(815301076,1909f56bfc062723c751e8b465ee728b)
Start importing ProjectSettings/TagManager.asset using Guid(00000000000000003000000000000000) Importer(815301076,1909f56bfc062723c751e8b465ee728b)  -> (artifact id: '27b02764e8ac29a680b5138617dfb83a') in 0.008819 seconds
  Import took 0.013781 seconds .

========================================================================
Received Import Request.
  Time since last request: 37.124392 seconds.
  path: Assets/Prefabs/Player.prefab
  artifactKey: Guid(f43e8d0ebead6914685c9364fc75e967) Importer(815301076,1909f56bfc062723c751e8b465ee728b)
Start importing Assets/Prefabs/Player.prefab using Guid(f43e8d0ebead6914685c9364fc75e967) Importer(815301076,1909f56bfc062723c751e8b465ee728b)  -> (artifact id: 'c48162268af5501eb9612645fb1d4a76') in 0.016789 seconds
  Import took 0.021291 seconds .

========================================================================
Received Import Request.
  Time since last request: 2.301898 seconds.
  path: Assets/Prefabs/Goal.prefab
  artifactKey: Guid(e6cf2925d5ab4d54e9f7923aadbd8af1) Importer(815301076,1909f56bfc062723c751e8b465ee728b)
Start importing Assets/Prefabs/Goal.prefab using Guid(e6cf2925d5ab4d54e9f7923aadbd8af1) Importer(815301076,1909f56bfc062723c751e8b465ee728b)  -> (artifact id: '42d50755e665f35801c938a6c3f69521') in 0.022216 seconds
  Import took 0.028900 seconds .

========================================================================
Received Import Request.
  Time since last request: 17.969085 seconds.
  path: Assets/Prefabs/FreeCube.prefab
  artifactKey: Guid(a319c688ae74425449cea8d2cb14a208) Importer(815301076,1909f56bfc062723c751e8b465ee728b)
Start importing Assets/Prefabs/FreeCube.prefab using Guid(a319c688ae74425449cea8d2cb14a208) Importer(815301076,1909f56bfc062723c751e8b465ee728b)  -> (artifact id: 'dc7fecdade0de6c6a87d182a20895bd0') in 0.020965 seconds
  Import took 0.026169 seconds .

========================================================================
Received Import Request.
  Time since last request: 232.183209 seconds.
  path: Assets/Resources/LevelEmpty.prefab
  artifactKey: Guid(586849a548140714f91328348526cbc2) Importer(815301076,1909f56bfc062723c751e8b465ee728b)
Start importing Assets/Resources/LevelEmpty.prefab using Guid(586849a548140714f91328348526cbc2) Importer(815301076,1909f56bfc062723c751e8b465ee728b)  -> (artifact id: '7fdecb51927cb473c3439f711c083164') in 0.056719 seconds
  Import took 0.064963 seconds .

========================================================================
Received Import Request.
  Time since last request: 278.954770 seconds.
  path: Assets/Sprites
  artifactKey: Guid(a566da3c07645464fa41f81b768bc8d9) Importer(815301076,1909f56bfc062723c751e8b465ee728b)
Start importing Assets/Sprites using Guid(a566da3c07645464fa41f81b768bc8d9) Importer(815301076,1909f56bfc062723c751e8b465ee728b)  -> (artifact id: '5283045b48cd69fc6b23898ce2b23062') in 0.008617 seconds
  Import took 0.012826 seconds .

========================================================================
Received Import Request.
  Time since last request: 55.119808 seconds.
  path: Assets/Sprites/sw.png
  artifactKey: Guid(e5a8d72f94fcee2429776ced91b605c5) Importer(815301076,1909f56bfc062723c751e8b465ee728b)
Start importing Assets/Sprites/sw.png using Guid(e5a8d72f94fcee2429776ced91b605c5) Importer(815301076,1909f56bfc062723c751e8b465ee728b)  -> (artifact id: '901894c51d2ce4f1012bed3461560697') in 0.074679 seconds
  Import took 0.080729 seconds .

========================================================================
Received Import Request.
  Time since last request: 8.455808 seconds.
  path: Packages/com.unity.2d.spriteshape/Editor/ObjectMenuCreation/DefaultAssets/Textures/Sprite Shape Corner.png
  artifactKey: Guid(608e61deb05c54660bebf5a4dd2ee02d) Importer(815301076,1909f56bfc062723c751e8b465ee728b)
Start importing Packages/com.unity.2d.spriteshape/Editor/ObjectMenuCreation/DefaultAssets/Textures/Sprite Shape Corner.png using Guid(608e61deb05c54660bebf5a4dd2ee02d) Importer(815301076,1909f56bfc062723c751e8b465ee728b)  -> (artifact id: '351da18149c797d3960217100feaf7da') in 0.029836 seconds
  Import took 0.034568 seconds .

========================================================================
Received Import Request.
  Time since last request: 0.000338 seconds.
  path: Packages/com.unity.2d.spriteshape/Editor/Handles/ss_playhead.png
  artifactKey: Guid(9ea72647c24be493ba6f15a9cd2a24ae) Importer(815301076,1909f56bfc062723c751e8b465ee728b)
Start importing Packages/com.unity.2d.spriteshape/Editor/Handles/ss_playhead.png using Guid(9ea72647c24be493ba6f15a9cd2a24ae) Importer(815301076,1909f56bfc062723c751e8b465ee728b)  -> (artifact id: '1bb62bbdb0f7e958db8888ebd2dec953') in 0.020192 seconds
  Import took 0.024646 seconds .

========================================================================
Received Import Request.
  Time since last request: 0.000385 seconds.
  path: Packages/com.unity.2d.animation/Editor/Assets/SkinningModule/Icons/Selected/Visibility_Tool@2x.png
  artifactKey: Guid(ef9977ed07c438845a52c577f4ffcc3a) Importer(815301076,1909f56bfc062723c751e8b465ee728b)
Start importing Packages/com.unity.2d.animation/Editor/Assets/SkinningModule/Icons/Selected/Visibility_Tool@2x.png using Guid(ef9977ed07c438845a52c577f4ffcc3a) Importer(815301076,1909f56bfc062723c751e8b465ee728b)  -> (artifact id: '9025e01c5d1d5d3f48cfd154a50a0299') in 0.018045 seconds
  Import took 0.023196 seconds .

========================================================================
Received Import Request.
  Time since last request: 0.000312 seconds.
  path: Packages/com.unity.2d.animation/Editor/Assets/SkinningModule/Icons/Light/Sprite_Mode@4x.png
  artifactKey: Guid(554a30a45860f494ca38586c54b7e5d9) Importer(815301076,1909f56bfc062723c751e8b465ee728b)
Start importing Packages/com.unity.2d.animation/Editor/Assets/SkinningModule/Icons/Light/Sprite_Mode@4x.png using Guid(554a30a45860f494ca38586c54b7e5d9) Importer(815301076,1909f56bfc062723c751e8b465ee728b)  -> (artifact id: '7147343b2f353fa56c1fec542eda5bd2') in 0.016667 seconds
  Import took 0.020330 seconds .

========================================================================
Received Import Request.
  Time since last request: 0.000343 seconds.
  path: Packages/com.unity.2d.animation/Editor/Assets/SkinningModule/Icons/Light/Visibility_Hidded@3x.png
  artifactKey: Guid(89930da27dfbbc64ba1f3baf0ae416bb) Importer(815301076,1909f56bfc062723c751e8b465ee728b)
Start importing Packages/com.unity.2d.animation/Editor/Assets/SkinningModule/Icons/Light/Visibility_Hidded@3x.png using Guid(89930da27dfbbc64ba1f3baf0ae416bb) Importer(815301076,1909f56bfc062723c751e8b465ee728b)  -> (artifact id: 'a87aa87c812fac9d03f982557e537475') in 0.018170 seconds
  Import took 0.021646 seconds .

========================================================================
Received Import Request.
  Time since last request: 0.000420 seconds.
  path: Packages/com.unity.2d.animation/Editor/Assets/SkinningModule/Icons/Selected/Sprite_Mode@4x.png
  artifactKey: Guid(2223b0a570b66ee42b3e0a79f0789b2a) Importer(815301076,1909f56bfc062723c751e8b465ee728b)
Start importing Packages/com.unity.2d.animation/Editor/Assets/SkinningModule/Icons/Selected/Sprite_Mode@4x.png using Guid(2223b0a570b66ee42b3e0a79f0789b2a) Importer(815301076,1909f56bfc062723c751e8b465ee728b)  -> (artifact id: 'bd8740e45fc6133df78f23f40031d465') in 0.016373 seconds
  Import took 0.021142 seconds .

========================================================================
Received Import Request.
  Time since last request: 0.000499 seconds.
  path: Packages/com.unity.2d.animation/Editor/Assets/SkinningModule/Icons/Selected/Weight_Slider.png
  artifactKey: Guid(96b029a4248c85a4e8de2aa81fc0b60a) Importer(815301076,1909f56bfc062723c751e8b465ee728b)
Start importing Packages/com.unity.2d.animation/Editor/Assets/SkinningModule/Icons/Selected/Weight_Slider.png using Guid(96b029a4248c85a4e8de2aa81fc0b60a) Importer(815301076,1909f56bfc062723c751e8b465ee728b)  -> (artifact id: 'bd9df7966bfc0e3706fa6a5a56fd15b9') in 0.017608 seconds
  Import took 0.022207 seconds .

========================================================================
Received Import Request.
  Time since last request: 0.000241 seconds.
  path: Packages/com.unity.2d.animation/Editor/Assets/SkinningModule/Icons/Light/Visibility_Hidded.png
  artifactKey: Guid(a20f7223e2252fc4d813fc92d0f3a614) Importer(815301076,1909f56bfc062723c751e8b465ee728b)
Start importing Packages/com.unity.2d.animation/Editor/Assets/SkinningModule/Icons/Light/Visibility_Hidded.png using Guid(a20f7223e2252fc4d813fc92d0f3a614) Importer(815301076,1909f56bfc062723c751e8b465ee728b)  -> (artifact id: 'a4ee6f1d08bfdb965203e2e9a87c374b') in 0.023374 seconds
  Import took 0.028153 seconds .

========================================================================
Received Import Request.
  Time since last request: 0.000257 seconds.
  path: Packages/com.unity.2d.animation/Editor/Assets/SkinningModule/Icons/Light/Visibility_Hidded@2x.png
  artifactKey: Guid(f3940f64802892746b2ec336d3b0c5f4) Importer(815301076,1909f56bfc062723c751e8b465ee728b)
Start importing Packages/com.unity.2d.animation/Editor/Assets/SkinningModule/Icons/Light/Visibility_Hidded@2x.png using Guid(f3940f64802892746b2ec336d3b0c5f4) Importer(815301076,1909f56bfc062723c751e8b465ee728b)  -> (artifact id: 'bbc77fe1d0427f7979243fc45c00712e') in 0.018904 seconds
  Import took 0.023228 seconds .

========================================================================
Received Import Request.
  Time since last request: 0.000219 seconds.
  path: Packages/com.unity.2d.animation/Editor/Assets/SkinningModule/Icons/Light/Sprite_Mode@2x.png
  artifactKey: Guid(cfe99a1afb609b4488d6fc9224a62f74) Importer(815301076,1909f56bfc062723c751e8b465ee728b)
Start importing Packages/com.unity.2d.animation/Editor/Assets/SkinningModule/Icons/Light/Sprite_Mode@2x.png using Guid(cfe99a1afb609b4488d6fc9224a62f74) Importer(815301076,1909f56bfc062723c751e8b465ee728b)  -> (artifact id: '99043f0744715842b94e98f807be184b') in 0.018122 seconds
  Import took 0.022642 seconds .

========================================================================
Received Import Request.
  Time since last request: 0.000316 seconds.
  path: Packages/com.unity.2d.animation/Editor/Assets/SkinningModule/Icons/Light/Weight_Brush@3x.png
  artifactKey: Guid(3279d541bf75c624cbdd7179eb5559a8) Importer(815301076,1909f56bfc062723c751e8b465ee728b)
Start importing Packages/com.unity.2d.animation/Editor/Assets/SkinningModule/Icons/Light/Weight_Brush@3x.png using Guid(3279d541bf75c624cbdd7179eb5559a8) Importer(815301076,1909f56bfc062723c751e8b465ee728b)  -> (artifact id: '6ce14968697a7f29fd66077423ad0ec8') in 0.017725 seconds
  Import took 0.022003 seconds .

========================================================================
Received Import Request.
  Time since last request: 0.000310 seconds.
  path: Packages/com.unity.2d.path/Editor/Handles/TangentBrokenPro.png
  artifactKey: Guid(3f0215e89d05b544d907d3a7d34fab63) Importer(815301076,1909f56bfc062723c751e8b465ee728b)
Start importing Packages/com.unity.2d.path/Editor/Handles/TangentBrokenPro.png using Guid(3f0215e89d05b544d907d3a7d34fab63) Importer(815301076,1909f56bfc062723c751e8b465ee728b)  -> (artifact id: '6e75e9ca7cd7c1a3ba63778ef8a502c5') in 0.019494 seconds
  Import took 0.023425 seconds .

========================================================================
Received Import Request.
  Time since last request: 0.000245 seconds.
  path: Packages/com.unity.2d.animation/Editor/Assets/SkinningModule/Icons/Light/Weight_Slider@4x.png
  artifactKey: Guid(4e494ad3b858ecf4fab63aae9075d43d) Importer(815301076,1909f56bfc062723c751e8b465ee728b)
Start importing Packages/com.unity.2d.animation/Editor/Assets/SkinningModule/Icons/Light/Weight_Slider@4x.png using Guid(4e494ad3b858ecf4fab63aae9075d43d) Importer(815301076,1909f56bfc062723c751e8b465ee728b)  -> (artifact id: '64045c4d8f698ab81ba36433087379b6') in 0.021183 seconds
  Import took 0.025722 seconds .

========================================================================
Received Import Request.
  Time since last request: 0.000297 seconds.
  path: Packages/com.unity.2d.animation/Editor/Assets/SkinningModule/Icons/Light/Weight_Brush.png
  artifactKey: Guid(9d026c034cfd40746a436496efe2dd7f) Importer(815301076,1909f56bfc062723c751e8b465ee728b)
Start importing Packages/com.unity.2d.animation/Editor/Assets/SkinningModule/Icons/Light/Weight_Brush.png using Guid(9d026c034cfd40746a436496efe2dd7f) Importer(815301076,1909f56bfc062723c751e8b465ee728b)  -> (artifact id: '5991c53b8b96c44f4527737bee2cdf1c') in 0.019427 seconds
  Import took 0.023795 seconds .

========================================================================
Received Import Request.
  Time since last request: 0.000385 seconds.
  path: Packages/com.unity.2d.animation/Editor/Assets/SkinningModule/Icons/Selected/Visibility_Tool@4x.png
  artifactKey: Guid(f082e69f825d0aa44b687e592731c0a8) Importer(815301076,1909f56bfc062723c751e8b465ee728b)
Start importing Packages/com.unity.2d.animation/Editor/Assets/SkinningModule/Icons/Selected/Visibility_Tool@4x.png using Guid(f082e69f825d0aa44b687e592731c0a8) Importer(815301076,1909f56bfc062723c751e8b465ee728b)  -> (artifact id: 'f96a08392674a6ddbf373a1a56186613') in 0.018090 seconds
  Import took 0.022801 seconds .

========================================================================
Received Import Request.
  Time since last request: 0.000255 seconds.
  path: Packages/com.unity.2d.animation/Editor/Assets/SkinningModule/Icons/Light/Weight_Slider.png
  artifactKey: Guid(aa91af43c72989f44bf937fd28243bc7) Importer(815301076,1909f56bfc062723c751e8b465ee728b)
Start importing Packages/com.unity.2d.animation/Editor/Assets/SkinningModule/Icons/Light/Weight_Slider.png using Guid(aa91af43c72989f44bf937fd28243bc7) Importer(815301076,1909f56bfc062723c751e8b465ee728b)  -> (artifact id: 'b266684e078130add32ae66d10ed6002') in 0.012863 seconds
  Import took 0.017317 seconds .

========================================================================
Received Import Request.
  Time since last request: 0.000258 seconds.
  path: Packages/com.unity.2d.animation/Editor/Assets/SkinningModule/Icons/Light/Weight_Brush@4x.png
  artifactKey: Guid(3dd5e5c693a816e4f96b869f6465955b) Importer(815301076,1909f56bfc062723c751e8b465ee728b)
Start importing Packages/com.unity.2d.animation/Editor/Assets/SkinningModule/Icons/Light/Weight_Brush@4x.png using Guid(3dd5e5c693a816e4f96b869f6465955b) Importer(815301076,1909f56bfc062723c751e8b465ee728b)  -> (artifact id: '815cd52c6193bd8a0d568aaae34cc441') in 0.024855 seconds
  Import took 0.029928 seconds .

========================================================================
Received Import Request.
  Time since last request: 0.000464 seconds.
  path: Packages/com.unity.2d.path/Editor/Handles/TangentLinearPro.png
  artifactKey: Guid(cafc16189f045f445bad6f5eb9e13541) Importer(815301076,1909f56bfc062723c751e8b465ee728b)
Start importing Packages/com.unity.2d.path/Editor/Handles/TangentLinearPro.png using Guid(cafc16189f045f445bad6f5eb9e13541) Importer(815301076,1909f56bfc062723c751e8b465ee728b)  -> (artifact id: 'a79227f97583b8aa18a0bae5a27c0452') in 0.016217 seconds
  Import took 0.020723 seconds .

========================================================================
Received Import Request.
  Time since last request: 0.000355 seconds.
  path: Packages/com.unity.2d.animation/Editor/Assets/SkinningModule/Icons/Light/Sprite_Mode@3x.png
  artifactKey: Guid(71d8b2e508f1d9947ba51013600a5eac) Importer(815301076,1909f56bfc062723c751e8b465ee728b)
Start importing Packages/com.unity.2d.animation/Editor/Assets/SkinningModule/Icons/Light/Sprite_Mode@3x.png using Guid(71d8b2e508f1d9947ba51013600a5eac) Importer(815301076,1909f56bfc062723c751e8b465ee728b)  -> (artifact id: 'c8820b766983dac1b936fe8f48193d38') in 0.026978 seconds
  Import took 0.030937 seconds .

========================================================================
Received Import Request.
  Time since last request: 0.000299 seconds.
  path: Packages/com.unity.2d.animation/Editor/Assets/SkinningModule/Icons/Light/Visibility_Tool@2x.png
  artifactKey: Guid(45c995b76b893fd4b9e8d3e0f9f6463b) Importer(815301076,1909f56bfc062723c751e8b465ee728b)
Start importing Packages/com.unity.2d.animation/Editor/Assets/SkinningModule/Icons/Light/Visibility_Tool@2x.png using Guid(45c995b76b893fd4b9e8d3e0f9f6463b) Importer(815301076,1909f56bfc062723c751e8b465ee728b)  -> (artifact id: '1551954964026d09f18e7df2f47cd046') in 0.017564 seconds
  Import took 0.021645 seconds .

========================================================================
Received Import Request.
  Time since last request: 0.000254 seconds.
  path: Packages/com.unity.2d.sprite/Editor/ObjectMenuCreation/DefaultAssets/Textures/Square.png
  artifactKey: Guid(48e93eef0688c4a259cb0eddcd8661f7) Importer(815301076,1909f56bfc062723c751e8b465ee728b)
Start importing Packages/com.unity.2d.sprite/Editor/ObjectMenuCreation/DefaultAssets/Textures/Square.png using Guid(48e93eef0688c4a259cb0eddcd8661f7) Importer(815301076,1909f56bfc062723c751e8b465ee728b)  -> (artifact id: '4cc62c4549f50b121a5c9efd46e4de74') in 0.025049 seconds
  Import took 0.028702 seconds .

========================================================================
Received Import Request.
  Time since last request: 0.000264 seconds.
  path: Packages/com.unity.2d.animation/Editor/Assets/SkinningModule/Icons/Light/Visibility_Tool.png
  artifactKey: Guid(1e7c59239d2a59140b34f39ea6d4d44c) Importer(815301076,1909f56bfc062723c751e8b465ee728b)
Start importing Packages/com.unity.2d.animation/Editor/Assets/SkinningModule/Icons/Light/Visibility_Tool.png using Guid(1e7c59239d2a59140b34f39ea6d4d44c) Importer(815301076,1909f56bfc062723c751e8b465ee728b)  -> (artifact id: 'd5d4f9a7650bab60208b96ea6411e87a') in 0.017206 seconds
  Import took 0.021230 seconds .

========================================================================
Received Import Request.
  Time since last request: 0.000236 seconds.
  path: Packages/com.unity.2d.animation/Editor/Assets/SkinningModule/Icons/Light/Weight_Slider@2x.png
  artifactKey: Guid(6306a4776b130304bba7a139fc1d2bb8) Importer(815301076,1909f56bfc062723c751e8b465ee728b)
Start importing Packages/com.unity.2d.animation/Editor/Assets/SkinningModule/Icons/Light/Weight_Slider@2x.png using Guid(6306a4776b130304bba7a139fc1d2bb8) Importer(815301076,1909f56bfc062723c751e8b465ee728b)  -> (artifact id: 'c0c16c9589ddfaeed078bc0549a7f7bc') in 0.019513 seconds
  Import took 0.024738 seconds .

========================================================================
Received Import Request.
  Time since last request: 0.000242 seconds.
  path: Packages/com.unity.2d.animation/Editor/Assets/SkinningModule/Icons/Selected/Weight_Brush.png
  artifactKey: Guid(bf734b7184825b040837040cb93a8dc7) Importer(815301076,1909f56bfc062723c751e8b465ee728b)
Start importing Packages/com.unity.2d.animation/Editor/Assets/SkinningModule/Icons/Selected/Weight_Brush.png using Guid(bf734b7184825b040837040cb93a8dc7) Importer(815301076,1909f56bfc062723c751e8b465ee728b)  -> (artifact id: 'a86ed76b07cb687521153fad3b596311') in 0.015683 seconds
  Import took 0.019233 seconds .

========================================================================
Received Import Request.
  Time since last request: 0.000234 seconds.
  path: Packages/com.unity.2d.animation/Editor/Assets/SkinningModule/Icons/Selected/Sprite_Mode.png
  artifactKey: Guid(ca778bc7303b24948abf3e907abbf2a0) Importer(815301076,1909f56bfc062723c751e8b465ee728b)
Start importing Packages/com.unity.2d.animation/Editor/Assets/SkinningModule/Icons/Selected/Sprite_Mode.png using Guid(ca778bc7303b24948abf3e907abbf2a0) Importer(815301076,1909f56bfc062723c751e8b465ee728b)  -> (artifact id: '4f9472e5da5eef0d4ccd91b115f40bf6') in 0.023664 seconds
  Import took 0.026950 seconds .

========================================================================
Received Import Request.
  Time since last request: 0.000290 seconds.
  path: Packages/com.unity.2d.spriteshape/Editor/ObjectMenuCreation/DefaultAssets/Textures/Sprite Shape Fill.png
  artifactKey: Guid(b281b91a70a624a0da1c43adc1c30c7b) Importer(815301076,1909f56bfc062723c751e8b465ee728b)
Start importing Packages/com.unity.2d.spriteshape/Editor/ObjectMenuCreation/DefaultAssets/Textures/Sprite Shape Fill.png using Guid(b281b91a70a624a0da1c43adc1c30c7b) Importer(815301076,1909f56bfc062723c751e8b465ee728b)  -> (artifact id: '24ca95d113ce4e232dc7470b03f7f642') in 0.018719 seconds
  Import took 0.022676 seconds .

========================================================================
Received Import Request.
  Time since last request: 0.000270 seconds.
  path: Packages/com.unity.2d.animation/Editor/Assets/SkinningModule/Icons/Selected/Visibility_Tool.png
  artifactKey: Guid(7342ee656932e31489ea62e64e012645) Importer(815301076,1909f56bfc062723c751e8b465ee728b)
Start importing Packages/com.unity.2d.animation/Editor/Assets/SkinningModule/Icons/Selected/Visibility_Tool.png using Guid(7342ee656932e31489ea62e64e012645) Importer(815301076,1909f56bfc062723c751e8b465ee728b)  -> (artifact id: 'b55385d8459afaf3802f6d39fa9f7bbe') in 0.018404 seconds
  Import took 0.022710 seconds .

========================================================================
Received Import Request.
  Time since last request: 0.000299 seconds.
  path: Packages/com.unity.2d.animation/Editor/Assets/SkinningModule/Icons/Light/Weight_Slider@3x.png
  artifactKey: Guid(ec8214d7d416a8746bb342b71e8e4269) Importer(815301076,1909f56bfc062723c751e8b465ee728b)
Start importing Packages/com.unity.2d.animation/Editor/Assets/SkinningModule/Icons/Light/Weight_Slider@3x.png using Guid(ec8214d7d416a8746bb342b71e8e4269) Importer(815301076,1909f56bfc062723c751e8b465ee728b)  -> (artifact id: 'a8a41aa7d2553efdd2ddacdf1fdbf56a') in 0.016468 seconds
  Import took 0.020944 seconds .

========================================================================
Received Import Request.
  Time since last request: 0.000351 seconds.
  path: Packages/com.unity.2d.spriteshape/Editor/Handles/ss_rightrange.png
  artifactKey: Guid(ee5df01235032491c8b180741ea820fe) Importer(815301076,1909f56bfc062723c751e8b465ee728b)
Start importing Packages/com.unity.2d.spriteshape/Editor/Handles/ss_rightrange.png using Guid(ee5df01235032491c8b180741ea820fe) Importer(815301076,1909f56bfc062723c751e8b465ee728b)  -> (artifact id: '5e01c3cce1d0ed69529a91afce5494c1') in 0.017501 seconds
  Import took 0.022621 seconds .

========================================================================
Received Import Request.
  Time since last request: 0.000368 seconds.
  path: Packages/com.unity.2d.animation/Editor/Assets/SkinningModule/Icons/Selected/Weight_Brush@2x.png
  artifactKey: Guid(bb668641abe10a64891e26613cf530ee) Importer(815301076,1909f56bfc062723c751e8b465ee728b)
Start importing Packages/com.unity.2d.animation/Editor/Assets/SkinningModule/Icons/Selected/Weight_Brush@2x.png using Guid(bb668641abe10a64891e26613cf530ee) Importer(815301076,1909f56bfc062723c751e8b465ee728b)  -> (artifact id: '5c735d8c24f5bb5478cf1ebb97fe0f02') in 0.016249 seconds
  Import took 0.020461 seconds .

========================================================================
Received Import Request.
  Time since last request: 0.000235 seconds.
  path: Packages/com.unity.2d.animation/Editor/Assets/SkinningModule/Icons/Light/Visibility_Hidded@4x.png
  artifactKey: Guid(f469f8253737d534ca7809ae6f0d2422) Importer(815301076,1909f56bfc062723c751e8b465ee728b)
Start importing Packages/com.unity.2d.animation/Editor/Assets/SkinningModule/Icons/Light/Visibility_Hidded@4x.png using Guid(f469f8253737d534ca7809ae6f0d2422) Importer(815301076,1909f56bfc062723c751e8b465ee728b)  -> (artifact id: '639126df63b1e1c3b14045612e1c8821') in 0.022774 seconds
  Import took 0.026810 seconds .

========================================================================
Received Import Request.
  Time since last request: 0.000229 seconds.
  path: Packages/com.unity.2d.path/Editor/Handles/TangentBroken.png
  artifactKey: Guid(b370d25fdf6f8914287e27c0c3dede6a) Importer(815301076,1909f56bfc062723c751e8b465ee728b)
Start importing Packages/com.unity.2d.path/Editor/Handles/TangentBroken.png using Guid(b370d25fdf6f8914287e27c0c3dede6a) Importer(815301076,1909f56bfc062723c751e8b465ee728b)  -> (artifact id: '773d25904c9329d1b53ef0b5fc68aba9') in 0.016667 seconds
  Import took 0.020851 seconds .

========================================================================
Received Import Request.
  Time since last request: 0.000253 seconds.
  path: Packages/com.unity.2d.path/Editor/Handles/TangentContinuous.png
  artifactKey: Guid(229e750703f3e824ca71ddd16a5e36be) Importer(815301076,1909f56bfc062723c751e8b465ee728b)
Start importing Packages/com.unity.2d.path/Editor/Handles/TangentContinuous.png using Guid(229e750703f3e824ca71ddd16a5e36be) Importer(815301076,1909f56bfc062723c751e8b465ee728b)  -> (artifact id: '39f988647da491fae38c89e45eb5c743') in 0.021114 seconds
  Import took 0.025698 seconds .

========================================================================
Received Import Request.
  Time since last request: 0.000237 seconds.
  path: Packages/com.unity.2d.animation/Editor/Assets/SkinningModule/Icons/Selected/Weight_Brush@4x.png
  artifactKey: Guid(48464cd53bb3c604f999e7d3f15e8d09) Importer(815301076,1909f56bfc062723c751e8b465ee728b)
Start importing Packages/com.unity.2d.animation/Editor/Assets/SkinningModule/Icons/Selected/Weight_Brush@4x.png using Guid(48464cd53bb3c604f999e7d3f15e8d09) Importer(815301076,1909f56bfc062723c751e8b465ee728b)  -> (artifact id: '85a9f1c613e17966e124ab021e29c173') in 0.016358 seconds
  Import took 0.021932 seconds .

========================================================================
Received Import Request.
  Time since last request: 0.000274 seconds.
  path: Packages/com.unity.2d.animation/Editor/Assets/SkinningModule/Icons/Selected/Sprite_Mode@3x.png
  artifactKey: Guid(ea833d779996e3244b3b567764be9cf0) Importer(815301076,1909f56bfc062723c751e8b465ee728b)
Start importing Packages/com.unity.2d.animation/Editor/Assets/SkinningModule/Icons/Selected/Sprite_Mode@3x.png using Guid(ea833d779996e3244b3b567764be9cf0) Importer(815301076,1909f56bfc062723c751e8b465ee728b)  -> (artifact id: 'bf3065d2e15e3acc88a42936f6ec45cb') in 0.017510 seconds
  Import took 0.023502 seconds .

========================================================================
Received Import Request.
  Time since last request: 0.000560 seconds.
  path: Packages/com.unity.2d.path/Editor/Handles/TangentContinuousPro.png
  artifactKey: Guid(8d4a2ded892e27742bb6d4d263639dff) Importer(815301076,1909f56bfc062723c751e8b465ee728b)
Start importing Packages/com.unity.2d.path/Editor/Handles/TangentContinuousPro.png using Guid(8d4a2ded892e27742bb6d4d263639dff) Importer(815301076,1909f56bfc062723c751e8b465ee728b)  -> (artifact id: '7c9af86a1ba387f67df095702bfd7cf0') in 0.021056 seconds
  Import took 0.026530 seconds .

========================================================================
Received Import Request.
  Time since last request: 0.000259 seconds.
  path: Packages/com.unity.2d.animation/Editor/Assets/SkinningModule/Icons/Selected/Weight_Slider@4x.png
  artifactKey: Guid(ac47ed8ccc79cf04dae198b9cc5b3a6f) Importer(815301076,1909f56bfc062723c751e8b465ee728b)
Start importing Packages/com.unity.2d.animation/Editor/Assets/SkinningModule/Icons/Selected/Weight_Slider@4x.png using Guid(ac47ed8ccc79cf04dae198b9cc5b3a6f) Importer(815301076,1909f56bfc062723c751e8b465ee728b)  -> (artifact id: 'fe1e90c3f91d15ffa4934bbd98f4e4d4') in 0.023012 seconds
  Import took 0.027647 seconds .

========================================================================
Received Import Request.
  Time since last request: 0.000270 seconds.
  path: Packages/com.unity.2d.animation/Editor/Assets/SkinningModule/Icons/Light/Visibility_Tool@4x.png
  artifactKey: Guid(216c53aef79eaaf40a1800cc5e542dc3) Importer(815301076,1909f56bfc062723c751e8b465ee728b)
Start importing Packages/com.unity.2d.animation/Editor/Assets/SkinningModule/Icons/Light/Visibility_Tool@4x.png using Guid(216c53aef79eaaf40a1800cc5e542dc3) Importer(815301076,1909f56bfc062723c751e8b465ee728b)  -> (artifact id: 'b2386bbcc44ccf2e8a9159c6718275db') in 0.018002 seconds
  Import took 0.021929 seconds .

========================================================================
Received Import Request.
  Time since last request: 0.000269 seconds.
  path: Packages/com.unity.2d.animation/Editor/Assets/SkinningModule/Icons/Selected/Weight_Slider@3x.png
  artifactKey: Guid(af73899d5803d99448134360f184f348) Importer(815301076,1909f56bfc062723c751e8b465ee728b)
Start importing Packages/com.unity.2d.animation/Editor/Assets/SkinningModule/Icons/Selected/Weight_Slider@3x.png using Guid(af73899d5803d99448134360f184f348) Importer(815301076,1909f56bfc062723c751e8b465ee728b)  -> (artifact id: '25a8512558ddb1c840abb87c0c483fb8') in 0.017811 seconds
  Import took 0.022039 seconds .

========================================================================
Received Import Request.
  Time since last request: 0.000268 seconds.
  path: Packages/com.unity.2d.spriteshape/Editor/ObjectMenuCreation/DefaultAssets/Textures/Sprite Shape Corner.png
  artifactKey: Guid(608e61deb05c54660bebf5a4dd2ee02d) Importer(815301076,1909f56bfc062723c751e8b465ee728b)
Start importing Packages/com.unity.2d.spriteshape/Editor/ObjectMenuCreation/DefaultAssets/Textures/Sprite Shape Corner.png using Guid(608e61deb05c54660bebf5a4dd2ee02d) Importer(815301076,1909f56bfc062723c751e8b465ee728b)  -> (artifact id: '351da18149c797d3960217100feaf7da') in 0.015423 seconds
  Import took 0.019393 seconds .

========================================================================
Received Import Request.
  Time since last request: 0.000226 seconds.
  path: Packages/com.unity.2d.animation/Editor/Assets/SkinningModule/Icons/Light/Weight_Brush@2x.png
  artifactKey: Guid(17d3bf7425a0748489ce3633e38652db) Importer(815301076,1909f56bfc062723c751e8b465ee728b)
Start importing Packages/com.unity.2d.animation/Editor/Assets/SkinningModule/Icons/Light/Weight_Brush@2x.png using Guid(17d3bf7425a0748489ce3633e38652db) Importer(815301076,1909f56bfc062723c751e8b465ee728b)  -> (artifact id: 'bf4f6d8cf6e6af2914929f9446af3f25') in 0.014838 seconds
  Import took 0.019160 seconds .

========================================================================
Received Import Request.
  Time since last request: 0.000228 seconds.
  path: Packages/com.unity.2d.animation/Editor/Assets/SkinningModule/Icons/Light/Visibility_Tool@3x.png
  artifactKey: Guid(ec23e33668eecff4aaec16f735dcc204) Importer(815301076,1909f56bfc062723c751e8b465ee728b)
Start importing Packages/com.unity.2d.animation/Editor/Assets/SkinningModule/Icons/Light/Visibility_Tool@3x.png using Guid(ec23e33668eecff4aaec16f735dcc204) Importer(815301076,1909f56bfc062723c751e8b465ee728b)  -> (artifact id: '2a8e7afe333f79e316236d2f1a823bb5') in 0.018336 seconds
  Import took 0.022647 seconds .

========================================================================
Received Import Request.
  Time since last request: 0.000281 seconds.
  path: Packages/com.unity.2d.animation/Editor/Assets/SkinningModule/Icons/Light/Sprite_Mode.png
  artifactKey: Guid(2ad84ec7182471b4d8c44de568e22df4) Importer(815301076,1909f56bfc062723c751e8b465ee728b)
Start importing Packages/com.unity.2d.animation/Editor/Assets/SkinningModule/Icons/Light/Sprite_Mode.png using Guid(2ad84ec7182471b4d8c44de568e22df4) Importer(815301076,1909f56bfc062723c751e8b465ee728b)  -> (artifact id: '37c172770630629ed409a00619fba65f') in 0.017379 seconds
  Import took 0.022872 seconds .

========================================================================
Received Import Request.
  Time since last request: 0.000220 seconds.
  path: Packages/com.unity.2d.spriteshape/Editor/ObjectMenuCreation/DefaultAssets/Sprite Shapes/SpriteShapeEdge.png
  artifactKey: Guid(0ae2b74b1edd14bb18dd7b65ae916a54) Importer(815301076,1909f56bfc062723c751e8b465ee728b)
Start importing Packages/com.unity.2d.spriteshape/Editor/ObjectMenuCreation/DefaultAssets/Sprite Shapes/SpriteShapeEdge.png using Guid(0ae2b74b1edd14bb18dd7b65ae916a54) Importer(815301076,1909f56bfc062723c751e8b465ee728b)  -> (artifact id: 'ecf299d26c49ef0a6d7c5beac33ca8e5') in 0.019925 seconds
  Import took 0.024344 seconds .

========================================================================
Received Import Request.
  Time since last request: 0.000295 seconds.
  path: Packages/com.unity.2d.sprite/Editor/ObjectMenuCreation/DefaultAssets/Textures/SquareWithBorder.png
  artifactKey: Guid(db750325989564987a34393247d883b4) Importer(815301076,1909f56bfc062723c751e8b465ee728b)
Start importing Packages/com.unity.2d.sprite/Editor/ObjectMenuCreation/DefaultAssets/Textures/SquareWithBorder.png using Guid(db750325989564987a34393247d883b4) Importer(815301076,1909f56bfc062723c751e8b465ee728b)  -> (artifact id: '69db5aed262589ab8c10360e75eaec2c') in 0.021536 seconds
  Import took 0.025719 seconds .

========================================================================
Received Import Request.
  Time since last request: 0.000261 seconds.
  path: Packages/com.unity.2d.spriteshape/Editor/Handles/ss_leftrange.png
  artifactKey: Guid(9417efc47083f4a1598c1966a6345cdb) Importer(815301076,1909f56bfc062723c751e8b465ee728b)
Start importing Packages/com.unity.2d.spriteshape/Editor/Handles/ss_leftrange.png using Guid(9417efc47083f4a1598c1966a6345cdb) Importer(815301076,1909f56bfc062723c751e8b465ee728b)  -> (artifact id: '9cd386c537b8a366bff5f89910b10795') in 0.021558 seconds
  Import took 0.025536 seconds .

========================================================================
Received Import Request.
  Time since last request: 0.000237 seconds.
  path: Packages/com.unity.2d.path/Editor/Handles/TangentLinear.png
  artifactKey: Guid(a728d9332cba5f448a36350199dc573b) Importer(815301076,1909f56bfc062723c751e8b465ee728b)
Start importing Packages/com.unity.2d.path/Editor/Handles/TangentLinear.png using Guid(a728d9332cba5f448a36350199dc573b) Importer(815301076,1909f56bfc062723c751e8b465ee728b)  -> (artifact id: '00fc29640d76c83988faa74d707f23b2') in 0.019765 seconds
  Import took 0.024188 seconds .

========================================================================
Received Import Request.
  Time since last request: 0.000253 seconds.
  path: Packages/com.unity.2d.animation/Editor/Assets/SkinningModule/Icons/Selected/Visibility_Tool@3x.png
  artifactKey: Guid(8004118ba4145a74e823fedaa37acf3a) Importer(815301076,1909f56bfc062723c751e8b465ee728b)
Start importing Packages/com.unity.2d.animation/Editor/Assets/SkinningModule/Icons/Selected/Visibility_Tool@3x.png using Guid(8004118ba4145a74e823fedaa37acf3a) Importer(815301076,1909f56bfc062723c751e8b465ee728b)  -> (artifact id: '7220cf43ea5e099b25be21e00fe7f58c') in 0.017219 seconds
  Import took 0.021032 seconds .

========================================================================
Received Import Request.
  Time since last request: 0.000222 seconds.
  path: Packages/com.unity.2d.animation/Editor/Assets/SkinningModule/Icons/Selected/Weight_Slider@2x.png
  artifactKey: Guid(7f64a6e091143c0458506b559165cf72) Importer(815301076,1909f56bfc062723c751e8b465ee728b)
Start importing Packages/com.unity.2d.animation/Editor/Assets/SkinningModule/Icons/Selected/Weight_Slider@2x.png using Guid(7f64a6e091143c0458506b559165cf72) Importer(815301076,1909f56bfc062723c751e8b465ee728b)  -> (artifact id: '489f7737d68f5a9042f90b0f5f6da855') in 0.018059 seconds
  Import took 0.022632 seconds .

========================================================================
Received Import Request.
  Time since last request: 0.000201 seconds.
  path: Packages/com.unity.2d.animation/Editor/Assets/SkinningModule/Icons/Selected/Weight_Brush@3x.png
  artifactKey: Guid(3e6e6fbbd946d0541923f45f4eaa2cf1) Importer(815301076,1909f56bfc062723c751e8b465ee728b)
Start importing Packages/com.unity.2d.animation/Editor/Assets/SkinningModule/Icons/Selected/Weight_Brush@3x.png using Guid(3e6e6fbbd946d0541923f45f4eaa2cf1) Importer(815301076,1909f56bfc062723c751e8b465ee728b)  -> (artifact id: '7dbdba66ae78c0158723f087aaeb79fb') in 0.019302 seconds
  Import took 0.023717 seconds .

========================================================================
Received Import Request.
  Time since last request: 0.000282 seconds.
  path: Packages/com.unity.2d.animation/Editor/Assets/SkinningModule/Icons/Selected/Sprite_Mode@2x.png
  artifactKey: Guid(ff2aa9ebc8aee604caa5f8459ac4ae43) Importer(815301076,1909f56bfc062723c751e8b465ee728b)
Start importing Packages/com.unity.2d.animation/Editor/Assets/SkinningModule/Icons/Selected/Sprite_Mode@2x.png using Guid(ff2aa9ebc8aee604caa5f8459ac4ae43) Importer(815301076,1909f56bfc062723c751e8b465ee728b)  -> (artifact id: '83b96958a846416f2e42df3597f54a26') in 0.017806 seconds
  Import took 0.022114 seconds .

========================================================================
Received Import Request.
  Time since last request: 12.891203 seconds.
  path: Assets/Sprites/sw.png
  artifactKey: Guid(e5a8d72f94fcee2429776ced91b605c5) Importer(815301076,1909f56bfc062723c751e8b465ee728b)
Start importing Assets/Sprites/sw.png using Guid(e5a8d72f94fcee2429776ced91b605c5) Importer(815301076,1909f56bfc062723c751e8b465ee728b)  -> (artifact id: '38cea9dc78ddb6b0f7176ea235f3a46a') in 0.015568 seconds
  Import took 0.019413 seconds .

========================================================================
Received Import Request.
  Time since last request: 17.673849 seconds.
  path: Packages/com.unity.2d.sprite/Editor/ObjectMenuCreation/DefaultAssets/Textures/9-Sliced.png
  artifactKey: Guid(71ebafeef3c03457483266a33ab2b270) Importer(815301076,1909f56bfc062723c751e8b465ee728b)
Start importing Packages/com.unity.2d.sprite/Editor/ObjectMenuCreation/DefaultAssets/Textures/9-Sliced.png using Guid(71ebafeef3c03457483266a33ab2b270) Importer(815301076,1909f56bfc062723c751e8b465ee728b)  -> (artifact id: '41adfe4cdb04235e8f06191e4788bde1') in 0.018485 seconds
  Import took 0.023805 seconds .

========================================================================
Received Import Request.
  Time since last request: 0.000330 seconds.
  path: Packages/com.unity.2d.sprite/Editor/ObjectMenuCreation/DefaultAssets/Textures/HexagonPointed-TopWithBorder.png
  artifactKey: Guid(4b2a04fdbe0ef4d8da8f90eaca817cd1) Importer(815301076,1909f56bfc062723c751e8b465ee728b)
Start importing Packages/com.unity.2d.sprite/Editor/ObjectMenuCreation/DefaultAssets/Textures/HexagonPointed-TopWithBorder.png using Guid(4b2a04fdbe0ef4d8da8f90eaca817cd1) Importer(815301076,1909f56bfc062723c751e8b465ee728b)  -> (artifact id: 'f4cca11854674fdccef1a857cdbade21') in 0.026445 seconds
  Import took 0.031004 seconds .

========================================================================
Received Import Request.
  Time since last request: 0.000301 seconds.
  path: Packages/com.unity.2d.sprite/Editor/ObjectMenuCreation/DefaultAssets/Textures/HexagonFlat-Top.png
  artifactKey: Guid(16037dbd798344f57a526d53d48f5ead) Importer(815301076,1909f56bfc062723c751e8b465ee728b)
Start importing Packages/com.unity.2d.sprite/Editor/ObjectMenuCreation/DefaultAssets/Textures/HexagonFlat-Top.png using Guid(16037dbd798344f57a526d53d48f5ead) Importer(815301076,1909f56bfc062723c751e8b465ee728b)  -> (artifact id: 'a4c413add9207012f100f3af5e50e34a') in 0.022974 seconds
  Import took 0.027459 seconds .

========================================================================
Received Import Request.
  Time since last request: 0.000403 seconds.
  path: Packages/com.unity.2d.sprite/Editor/ObjectMenuCreation/DefaultAssets/Textures/9-SlicedWithBorder.png
  artifactKey: Guid(cc35afd292fc349128b36a291fb3a165) Importer(815301076,1909f56bfc062723c751e8b465ee728b)
Start importing Packages/com.unity.2d.sprite/Editor/ObjectMenuCreation/DefaultAssets/Textures/9-SlicedWithBorder.png using Guid(cc35afd292fc349128b36a291fb3a165) Importer(815301076,1909f56bfc062723c751e8b465ee728b)  -> (artifact id: 'f402bab6a0321637ce2d28d223952ed7') in 0.020604 seconds
  Import took 0.025940 seconds .

========================================================================
Received Import Request.
  Time since last request: 0.000347 seconds.
  path: Packages/com.unity.2d.sprite/Editor/ObjectMenuCreation/DefaultAssets/Textures/CircleWithBorder.png
  artifactKey: Guid(4adeaf2d2b1c7417e89f026626d8264f) Importer(815301076,1909f56bfc062723c751e8b465ee728b)
Start importing Packages/com.unity.2d.sprite/Editor/ObjectMenuCreation/DefaultAssets/Textures/CircleWithBorder.png using Guid(4adeaf2d2b1c7417e89f026626d8264f) Importer(815301076,1909f56bfc062723c751e8b465ee728b)  -> (artifact id: '222771e76998579c5175e30decffb31b') in 0.021947 seconds
  Import took 0.026574 seconds .

========================================================================
Received Import Request.
  Time since last request: 0.000326 seconds.
  path: Packages/com.unity.2d.sprite/Editor/ObjectMenuCreation/DefaultAssets/Textures/IsometricDiamondWithBorder.png
  artifactKey: Guid(0d267bc78a0864eb48358689b29ed20a) Importer(815301076,1909f56bfc062723c751e8b465ee728b)
Start importing Packages/com.unity.2d.sprite/Editor/ObjectMenuCreation/DefaultAssets/Textures/IsometricDiamondWithBorder.png using Guid(0d267bc78a0864eb48358689b29ed20a) Importer(815301076,1909f56bfc062723c751e8b465ee728b)  -> (artifact id: 'cffa732e28f5af6c1eb39691a7d55173') in 0.018281 seconds
  Import took 0.022094 seconds .

========================================================================
Received Import Request.
  Time since last request: 0.000407 seconds.
  path: Packages/com.unity.2d.sprite/Editor/ObjectMenuCreation/DefaultAssets/Textures/HexagonPointed-Top.png
  artifactKey: Guid(eed45a33cd08446c8b88325cf82fc52f) Importer(815301076,1909f56bfc062723c751e8b465ee728b)
Start importing Packages/com.unity.2d.sprite/Editor/ObjectMenuCreation/DefaultAssets/Textures/HexagonPointed-Top.png using Guid(eed45a33cd08446c8b88325cf82fc52f) Importer(815301076,1909f56bfc062723c751e8b465ee728b)  -> (artifact id: 'cbac8154c60011424e22a497736338fb') in 0.017011 seconds
  Import took 0.022142 seconds .

========================================================================
Received Import Request.
  Time since last request: 0.000239 seconds.
  path: Packages/com.unity.2d.sprite/Editor/ObjectMenuCreation/DefaultAssets/Textures/HexagonFlat-TopWithBorder.png
  artifactKey: Guid(a9716c16a44a94eed9b5c90fbf4d9bdd) Importer(815301076,1909f56bfc062723c751e8b465ee728b)
Start importing Packages/com.unity.2d.sprite/Editor/ObjectMenuCreation/DefaultAssets/Textures/HexagonFlat-TopWithBorder.png using Guid(a9716c16a44a94eed9b5c90fbf4d9bdd) Importer(815301076,1909f56bfc062723c751e8b465ee728b)  -> (artifact id: '78a5c55dbb033f2fb7a74b2bd5f8de4e') in 0.018798 seconds
  Import took 0.024288 seconds .

========================================================================
Received Import Request.
  Time since last request: 0.000267 seconds.
  path: Packages/com.unity.2d.sprite/Editor/ObjectMenuCreation/DefaultAssets/Textures/Capsule.png
  artifactKey: Guid(bd3cb4af8406d4436a2ae8c2aafe1f8d) Importer(815301076,1909f56bfc062723c751e8b465ee728b)
Start importing Packages/com.unity.2d.sprite/Editor/ObjectMenuCreation/DefaultAssets/Textures/Capsule.png using Guid(bd3cb4af8406d4436a2ae8c2aafe1f8d) Importer(815301076,1909f56bfc062723c751e8b465ee728b)  -> (artifact id: 'e1c9cdc0d45fd596ffdcea502830c809') in 0.022092 seconds
  Import took 0.026669 seconds .

========================================================================
Received Import Request.
  Time since last request: 0.000276 seconds.
  path: Packages/com.unity.2d.sprite/Editor/ObjectMenuCreation/DefaultAssets/Textures/CircleMask.png
  artifactKey: Guid(87aaca0a643d54397ba969dab4fc8875) Importer(815301076,1909f56bfc062723c751e8b465ee728b)
Start importing Packages/com.unity.2d.sprite/Editor/ObjectMenuCreation/DefaultAssets/Textures/CircleMask.png using Guid(87aaca0a643d54397ba969dab4fc8875) Importer(815301076,1909f56bfc062723c751e8b465ee728b)  -> (artifact id: '6d995c614325dd7596ec9e4cb2a48888') in 0.020107 seconds
  Import took 0.025321 seconds .

========================================================================
Received Import Request.
  Time since last request: 0.000326 seconds.
  path: Packages/com.unity.2d.sprite/Editor/ObjectMenuCreation/DefaultAssets/Textures/Circle.png
  artifactKey: Guid(ebe73ca9363db456bacf42c025bb4847) Importer(815301076,1909f56bfc062723c751e8b465ee728b)
Start importing Packages/com.unity.2d.sprite/Editor/ObjectMenuCreation/DefaultAssets/Textures/Circle.png using Guid(ebe73ca9363db456bacf42c025bb4847) Importer(815301076,1909f56bfc062723c751e8b465ee728b)  -> (artifact id: '2e8e2667ef3e1c5850c435f960174ed1') in 0.022972 seconds
  Import took 0.027799 seconds .

========================================================================
Received Import Request.
  Time since last request: 0.000293 seconds.
  path: Packages/com.unity.2d.sprite/Editor/ObjectMenuCreation/DefaultAssets/Textures/IsometricDiamond.png
  artifactKey: Guid(045b15ec09bba42448d89db77fa6f20a) Importer(815301076,1909f56bfc062723c751e8b465ee728b)
Start importing Packages/com.unity.2d.sprite/Editor/ObjectMenuCreation/DefaultAssets/Textures/IsometricDiamond.png using Guid(045b15ec09bba42448d89db77fa6f20a) Importer(815301076,1909f56bfc062723c751e8b465ee728b)  -> (artifact id: 'd768f361b602f174ac3e28c9842861f1') in 0.024781 seconds
  Import took 0.028560 seconds .

========================================================================
Received Import Request.
  Time since last request: 0.000352 seconds.
  path: Packages/com.unity.2d.sprite/Editor/ObjectMenuCreation/DefaultAssets/Textures/CapsuleWithBorder.png
  artifactKey: Guid(34587324d412940a79d530020c957dc0) Importer(815301076,1909f56bfc062723c751e8b465ee728b)
Start importing Packages/com.unity.2d.sprite/Editor/ObjectMenuCreation/DefaultAssets/Textures/CapsuleWithBorder.png using Guid(34587324d412940a79d530020c957dc0) Importer(815301076,1909f56bfc062723c751e8b465ee728b)  -> (artifact id: 'b6e4ffceaf0efad918e0c7e8164a7f08') in 0.020123 seconds
  Import took 0.023969 seconds .

========================================================================
Received Import Request.
  Time since last request: 72.327267 seconds.
  path: Assets/Sprites/SW.png
  artifactKey: Guid(e5a8d72f94fcee2429776ced91b605c5) Importer(815301076,1909f56bfc062723c751e8b465ee728b)
Start importing Assets/Sprites/SW.png using Guid(e5a8d72f94fcee2429776ced91b605c5) Importer(815301076,1909f56bfc062723c751e8b465ee728b)  -> (artifact id: '6c82e797cbbf9760e2abf0f33ade6a26') in 0.016648 seconds
  Import took 0.022390 seconds .

========================================================================
Received Import Request.
  Time since last request: 11.801219 seconds.
  path: Assets/Sprites/SW.png
  artifactKey: Guid(e5a8d72f94fcee2429776ced91b605c5) Importer(815301076,1909f56bfc062723c751e8b465ee728b)
Start importing Assets/Sprites/SW.png using Guid(e5a8d72f94fcee2429776ced91b605c5) Importer(815301076,1909f56bfc062723c751e8b465ee728b)  -> (artifact id: 'ec620eff92538e8a18328981718b3472') in 0.014672 seconds
  Import took 0.019356 seconds .

========================================================================
Received Import Request.
  Time since last request: 72.059890 seconds.
  path: Assets/Sprites/SW.png
  artifactKey: Guid(e5a8d72f94fcee2429776ced91b605c5) Importer(815301076,1909f56bfc062723c751e8b465ee728b)
Start importing Assets/Sprites/SW.png using Guid(e5a8d72f94fcee2429776ced91b605c5) Importer(815301076,1909f56bfc062723c751e8b465ee728b)  -> (artifact id: '4fcbc235c49afc52cfa525a8a8910e56') in 0.016817 seconds
  Import took 0.020762 seconds .

========================================================================
Received Import Request.
  Time since last request: 74.313748 seconds.
  path: Assets/Sprites/SW.png
  artifactKey: Guid(e5a8d72f94fcee2429776ced91b605c5) Importer(815301076,1909f56bfc062723c751e8b465ee728b)
Start importing Assets/Sprites/SW.png using Guid(e5a8d72f94fcee2429776ced91b605c5) Importer(815301076,1909f56bfc062723c751e8b465ee728b)  -> (artifact id: '86f52d7d931a0b0223f427cd4d65988e') in 0.012493 seconds
  Import took 0.016190 seconds .

========================================================================
Received Import Request.
  Time since last request: 38.948757 seconds.
  path: Assets/Sprites/SW.png
  artifactKey: Guid(e5a8d72f94fcee2429776ced91b605c5) Importer(815301076,1909f56bfc062723c751e8b465ee728b)
Start importing Assets/Sprites/SW.png using Guid(e5a8d72f94fcee2429776ced91b605c5) Importer(815301076,1909f56bfc062723c751e8b465ee728b)  -> (artifact id: 'b2d8eebebf4623740e95e6c09b7384ed') in 0.014718 seconds
  Import took 0.018915 seconds .

========================================================================
Received Import Request.
  Time since last request: 10.803731 seconds.
  path: Assets/Sprites/SW.png
  artifactKey: Guid(e5a8d72f94fcee2429776ced91b605c5) Importer(815301076,1909f56bfc062723c751e8b465ee728b)
Start importing Assets/Sprites/SW.png using Guid(e5a8d72f94fcee2429776ced91b605c5) Importer(815301076,1909f56bfc062723c751e8b465ee728b)  -> (artifact id: '369c4c1df2b0119a6abccf9797d10a08') in 0.024709 seconds
  Import took 0.028857 seconds .

========================================================================
Received Import Request.
  Time since last request: 16.605925 seconds.
  path: Assets/Prefabs/SwitchCube.prefab
  artifactKey: Guid(fb54bf49eb1f4264a92b812ab21c3b74) Importer(815301076,1909f56bfc062723c751e8b465ee728b)
Start importing Assets/Prefabs/SwitchCube.prefab using Guid(fb54bf49eb1f4264a92b812ab21c3b74) Importer(815301076,1909f56bfc062723c751e8b465ee728b)  -> (artifact id: '272c7cbb9e073c8728cbfcb5a39f66c9') in 0.018602 seconds
  Import took 0.022773 seconds .

========================================================================
Received Import Request.
  Time since last request: 0.003557 seconds.
  path: Assets/Prefabs/SwitchCube.prefab
  artifactKey: Guid(fb54bf49eb1f4264a92b812ab21c3b74) Importer(815301076,1909f56bfc062723c751e8b465ee728b)
Start importing Assets/Prefabs/SwitchCube.prefab using Guid(fb54bf49eb1f4264a92b812ab21c3b74) Importer(815301076,1909f56bfc062723c751e8b465ee728b)  -> (artifact id: '272c7cbb9e073c8728cbfcb5a39f66c9') in 0.015650 seconds
  Import took 0.019907 seconds .

========================================================================
Received Import Request.
  Time since last request: 104.192599 seconds.
  path: Assets/Sprites/GTC.png
  artifactKey: Guid(ebefab0ef518acf41b2c33556a11cfac) Importer(815301076,1909f56bfc062723c751e8b465ee728b)
Start importing Assets/Sprites/GTC.png using Guid(ebefab0ef518acf41b2c33556a11cfac) Importer(815301076,1909f56bfc062723c751e8b465ee728b)  -> (artifact id: 'a1281017089e3ccd5ae351035bec8636') in 0.015140 seconds
  Import took 0.019906 seconds .

========================================================================
Received Import Request.
  Time since last request: 0.000302 seconds.
  path: Assets/Sprites/GTO.png
  artifactKey: Guid(59b7012765fcd2347be51bbf08fcabba) Importer(815301076,1909f56bfc062723c751e8b465ee728b)
Start importing Assets/Sprites/GTO.png using Guid(59b7012765fcd2347be51bbf08fcabba) Importer(815301076,1909f56bfc062723c751e8b465ee728b)  -> (artifact id: 'a62194b43c1c98158be813e904c7bdf9') in 0.017023 seconds
  Import took 0.021097 seconds .

========================================================================
Received Import Request.
  Time since last request: 31.448998 seconds.
  path: Assets/Sprites/P.png
  artifactKey: Guid(f0cb8577d8a2d8f439e6716fdbd92697) Importer(815301076,1909f56bfc062723c751e8b465ee728b)
Start importing Assets/Sprites/P.png using Guid(f0cb8577d8a2d8f439e6716fdbd92697) Importer(815301076,1909f56bfc062723c751e8b465ee728b)  -> (artifact id: 'cddbafe0469ad79146ab8deb546217f9') in 0.016315 seconds
  Import took 0.020357 seconds .

========================================================================
Received Import Request.
  Time since last request: 61.019523 seconds.
  path: Assets/Prefabs/Goal.prefab
  artifactKey: Guid(e6cf2925d5ab4d54e9f7923aadbd8af1) Importer(815301076,1909f56bfc062723c751e8b465ee728b)
Start importing Assets/Prefabs/Goal.prefab using Guid(e6cf2925d5ab4d54e9f7923aadbd8af1) Importer(815301076,1909f56bfc062723c751e8b465ee728b)  -> (artifact id: '7f8c39bff6c53e35188d961922ab8bc7') in 0.014173 seconds
  Import took 0.019268 seconds .

========================================================================
Received Import Request.
  Time since last request: 59.642709 seconds.
  path: Assets/123.png
  artifactKey: Guid(611976c4136e1da4d91e5f163bffa2b8) Importer(815301076,1909f56bfc062723c751e8b465ee728b)
Start importing Assets/123.png using Guid(611976c4136e1da4d91e5f163bffa2b8) Importer(815301076,1909f56bfc062723c751e8b465ee728b)  -> (artifact id: '9c1a65a01cd7ccbc5aebbf0f88ab1c88') in 0.022648 seconds
  Import took 0.027837 seconds .

========================================================================
Received Import Request.
  Time since last request: 0.001918 seconds.
  path: Assets/123.png
  artifactKey: Guid(611976c4136e1da4d91e5f163bffa2b8) Importer(815301076,1909f56bfc062723c751e8b465ee728b)
Start importing Assets/123.png using Guid(611976c4136e1da4d91e5f163bffa2b8) Importer(815301076,1909f56bfc062723c751e8b465ee728b)  -> (artifact id: '9c1a65a01cd7ccbc5aebbf0f88ab1c88') in 0.013539 seconds
  Import took 0.018488 seconds .

========================================================================
Received Import Request.
  Time since last request: 50.683879 seconds.
  path: Assets/Resources/LevelEmpty.prefab
  artifactKey: Guid(586849a548140714f91328348526cbc2) Importer(815301076,1909f56bfc062723c751e8b465ee728b)
Start importing Assets/Resources/LevelEmpty.prefab using Guid(586849a548140714f91328348526cbc2) Importer(815301076,1909f56bfc062723c751e8b465ee728b)  -> (artifact id: 'bc932b074a1c79c242f9fb9472323be9') in 0.050764 seconds
  Import took 0.055516 seconds .

========================================================================
Received Import Request.
  Time since last request: 0.551246 seconds.
  path: Assets/Prefabs/FreeCube.prefab
  artifactKey: Guid(a319c688ae74425449cea8d2cb14a208) Importer(815301076,1909f56bfc062723c751e8b465ee728b)
Start importing Assets/Prefabs/FreeCube.prefab using Guid(a319c688ae74425449cea8d2cb14a208) Importer(815301076,1909f56bfc062723c751e8b465ee728b)  -> (artifact id: 'ea56cf4bedaca2dca687fbb3c0bf97f9') in 0.014471 seconds
  Import took 0.018152 seconds .

========================================================================
Received Import Request.
  Time since last request: 0.000317 seconds.
  path: Assets/Prefabs/Goal.prefab
  artifactKey: Guid(e6cf2925d5ab4d54e9f7923aadbd8af1) Importer(815301076,1909f56bfc062723c751e8b465ee728b)
Start importing Assets/Prefabs/Goal.prefab using Guid(e6cf2925d5ab4d54e9f7923aadbd8af1) Importer(815301076,1909f56bfc062723c751e8b465ee728b)  -> (artifact id: 'e6c8b17a13321fdf1ea53d909133f5e4') in 0.017063 seconds
  Import took 0.021202 seconds .

========================================================================
Received Import Request.
  Time since last request: 0.000328 seconds.
  path: Assets/Prefabs/Player.prefab
  artifactKey: Guid(f43e8d0ebead6914685c9364fc75e967) Importer(815301076,1909f56bfc062723c751e8b465ee728b)
Start importing Assets/Prefabs/Player.prefab using Guid(f43e8d0ebead6914685c9364fc75e967) Importer(815301076,1909f56bfc062723c751e8b465ee728b)  -> (artifact id: 'eccd2f5d3f1c6673e4043822c775e018') in 0.017168 seconds
  Import took 0.021639 seconds .

========================================================================
Received Import Request.
  Time since last request: 5.706589 seconds.
  path: Assets/Prefabs/SwitchCube 1.prefab
  artifactKey: Guid(1386d8e6c064b174ba209f66e13f2cf3) Importer(815301076,1909f56bfc062723c751e8b465ee728b)
Start importing Assets/Prefabs/SwitchCube 1.prefab using Guid(1386d8e6c064b174ba209f66e13f2cf3) Importer(815301076,1909f56bfc062723c751e8b465ee728b)  -> (artifact id: '15745609dcea48e954efe94e61e0c837') in 0.020534 seconds
  Import took 0.025969 seconds .

========================================================================
Received Import Request.
  Time since last request: 36.934354 seconds.
  path: Assets/Prefabs
  artifactKey: Guid(67f63be9a70e08c40b7ac4b3d4cbe15e) Importer(815301076,1909f56bfc062723c751e8b465ee728b)
Start importing Assets/Prefabs using Guid(67f63be9a70e08c40b7ac4b3d4cbe15e) Importer(815301076,1909f56bfc062723c751e8b465ee728b)  -> (artifact id: '0fe5d341dc6a03c93ba18052adb2d773') in 0.009212 seconds
  Import took 0.013484 seconds .

========================================================================
Received Import Request.
  Time since last request: 1.841610 seconds.
  path: Assets/Prefabs/BlockedCube.prefab
  artifactKey: Guid(b0d577a56f57ce54395b63de1f10ff89) Importer(815301076,1909f56bfc062723c751e8b465ee728b)
Start importing Assets/Prefabs/BlockedCube.prefab using Guid(b0d577a56f57ce54395b63de1f10ff89) Importer(815301076,1909f56bfc062723c751e8b465ee728b)  -> (artifact id: '76562083bff4f2604d40beecd7fcbca3') in 0.017176 seconds
  Import took 0.021405 seconds .

========================================================================
Received Import Request.
  Time since last request: 0.006521 seconds.
  path: Assets/Prefabs/BlockedCube.prefab
  artifactKey: Guid(b0d577a56f57ce54395b63de1f10ff89) Importer(815301076,1909f56bfc062723c751e8b465ee728b)
Start importing Assets/Prefabs/BlockedCube.prefab using Guid(b0d577a56f57ce54395b63de1f10ff89) Importer(815301076,1909f56bfc062723c751e8b465ee728b)  -> (artifact id: '76562083bff4f2604d40beecd7fcbca3') in 0.014741 seconds
  Import took 0.018747 seconds .

========================================================================
Received Import Request.
  Time since last request: 436.421385 seconds.
  path: Assets/Sprites/GTC.png
  artifactKey: Guid(ebefab0ef518acf41b2c33556a11cfac) Importer(815301076,1909f56bfc062723c751e8b465ee728b)
Start importing Assets/Sprites/GTC.png using Guid(ebefab0ef518acf41b2c33556a11cfac) Importer(815301076,1909f56bfc062723c751e8b465ee728b)  -> (artifact id: '60e0c3c6d253249a696d231932ac7f98') in 0.020203 seconds
  Import took 0.024984 seconds .

========================================================================
Received Import Request.
  Time since last request: 0.000335 seconds.
  path: Assets/Sprites/P.png
  artifactKey: Guid(f0cb8577d8a2d8f439e6716fdbd92697) Importer(815301076,1909f56bfc062723c751e8b465ee728b)
Start importing Assets/Sprites/P.png using Guid(f0cb8577d8a2d8f439e6716fdbd92697) Importer(815301076,1909f56bfc062723c751e8b465ee728b)  -> (artifact id: 'b35ae671ac85a23a7082d55497a1a07a') in 0.021334 seconds
  Import took 0.025586 seconds .

========================================================================
Received Import Request.
  Time since last request: 0.000354 seconds.
  path: Assets/Sprites/GTO.png
  artifactKey: Guid(59b7012765fcd2347be51bbf08fcabba) Importer(815301076,1909f56bfc062723c751e8b465ee728b)
Start importing Assets/Sprites/GTO.png using Guid(59b7012765fcd2347be51bbf08fcabba) Importer(815301076,1909f56bfc062723c751e8b465ee728b)  -> (artifact id: '580f0edaad136283c0fe3243dbd8cdd1') in 0.022427 seconds
  Import took 0.026786 seconds .

========================================================================
Received Import Request.
  Time since last request: 9.889248 seconds.
  path: Assets/Prefabs/PedestalCube.prefab
  artifactKey: Guid(cef9fba8e000377479f10acf7c2d584e) Importer(815301076,1909f56bfc062723c751e8b465ee728b)
Start importing Assets/Prefabs/PedestalCube.prefab using Guid(cef9fba8e000377479f10acf7c2d584e) Importer(815301076,1909f56bfc062723c751e8b465ee728b)  -> (artifact id: '9587995a43d69f604ca72cc01f438e82') in 0.023105 seconds
  Import took 0.027838 seconds .

========================================================================
Received Import Request.
  Time since last request: 35.589152 seconds.
  path: Assets/Prefabs/GateCloseCube.prefab
  artifactKey: Guid(304da29fbc5808b439bcff158517feaf) Importer(815301076,1909f56bfc062723c751e8b465ee728b)
Start importing Assets/Prefabs/GateCloseCube.prefab using Guid(304da29fbc5808b439bcff158517feaf) Importer(815301076,1909f56bfc062723c751e8b465ee728b)  -> (artifact id: '7b178e5a5bb38a88446381877bfce769') in 0.017954 seconds
  Import took 0.023972 seconds .

========================================================================
Received Import Request.
  Time since last request: 0.001661 seconds.
  path: Assets/Prefabs/GateCloseCube.prefab
  artifactKey: Guid(304da29fbc5808b439bcff158517feaf) Importer(815301076,1909f56bfc062723c751e8b465ee728b)
Start importing Assets/Prefabs/GateCloseCube.prefab using Guid(304da29fbc5808b439bcff158517feaf) Importer(815301076,1909f56bfc062723c751e8b465ee728b)  -> (artifact id: '7b178e5a5bb38a88446381877bfce769') in 0.013020 seconds
  Import took 0.018294 seconds .

========================================================================
Received Import Request.
  Time since last request: 1.279752 seconds.
  path: Assets/Prefabs/GateOpenCube.prefab
  artifactKey: Guid(43c966ad1c5076b44b8eefa21577e49a) Importer(815301076,1909f56bfc062723c751e8b465ee728b)
Start importing Assets/Prefabs/GateOpenCube.prefab using Guid(43c966ad1c5076b44b8eefa21577e49a) Importer(815301076,1909f56bfc062723c751e8b465ee728b)  -> (artifact id: '44842427ceb710d93fd2aaed3a60affc') in 0.015626 seconds
  Import took 0.020011 seconds .

